Arguments: 
  /snap/node/6905/bin/node /snap/node/6905/bin/yarn.js add mysql nodemon express

PATH: 
  /usr/share/rvm/gems/ruby-3.0.0/bin:/usr/share/rvm/gems/ruby-3.0.0@global/bin:/usr/share/rvm/rubies/ruby-3.0.0/bin:/usr/local/sbin:/usr/local/bin:/usr/sbin:/usr/bin:/sbin:/bin:/usr/games:/usr/local/games:/snap/bin:/usr/share/rvm/bin:/usr/local/go/bin:/usr/local/node-v18.12.1-linux-x64/bin:/usr/local/go/bin:/usr/local/node-v18.12.1-linux-x64/bin

Yarn version: 
  1.22.19

Node version: 
  18.12.1

Platform: 
  linux x64

Trace: 
  Error: connect ECONNREFUSED 104.16.21.35:443
      at TCPConnectWrap.afterConnect [as oncomplete] (node:net:1300:16)

npm manifest: 
  {
    "name": "api",
    "version": "1.0.0",
    "description": "",
    "main": "index.js",
    "scripts": {
      "test": "echo \"Error: no test specified\" && exit 1"
    },
    "author": "",
    "license": "ISC"
  }

yarn manifest: 
  No manifest

Lockfile: 
  No lockfile
